<?xml version="1.0" encoding="UTF-8"?>
<testng-results skipped="0" failed="0" ignored="0" total="1" passed="1">
  <reporter-output>
  </reporter-output>
  <suite name="com.OrangeHRM.TestScript.TestLogin" duration-ms="24547" started-at="2019-12-06T10:33:11Z" finished-at="2019-12-06T10:33:36Z">
    <groups>
    </groups>
    <test name="Command line test" duration-ms="24547" started-at="2019-12-06T10:33:11Z" finished-at="2019-12-06T10:33:36Z">
      <class name="com.OrangeHRM.TestScript.TestLogin">
        <test-method status="PASS" signature="setup()[pri:0, instance:com.OrangeHRM.TestScript.TestLogin@6108b2d7]" name="setup" is-config="true" duration-ms="14132" started-at="2019-12-06T10:33:11Z" finished-at="2019-12-06T10:33:26Z">
          <reporter-output>
          </reporter-output>
        </test-method> <!-- setup -->
        <test-method status="PASS" signature="login(java.lang.String, java.lang.String)[pri:0, instance:com.OrangeHRM.TestScript.TestLogin@6108b2d7]" name="login" duration-ms="9444" started-at="2019-12-06T10:33:26Z" data-provider="testData" finished-at="2019-12-06T10:33:36Z">
          <params>
            <param index="0">
              <value>
                <![CDATA[Admin]]>
              </value>
            </param>
            <param index="1">
              <value>
                <![CDATA[admin123]]>
              </value>
            </param>
          </params>
          <reporter-output>
          </reporter-output>
        </test-method> <!-- login -->
        <test-method status="PASS" signature="tearOff()[pri:0, instance:com.OrangeHRM.TestScript.TestLogin@6108b2d7]" name="tearOff" is-config="true" duration-ms="203" started-at="2019-12-06T10:33:36Z" finished-at="2019-12-06T10:33:36Z">
          <reporter-output>
          </reporter-output>
        </test-method> <!-- tearOff -->
      </class> <!-- com.OrangeHRM.TestScript.TestLogin -->
    </test> <!-- Command line test -->
  </suite> <!-- com.OrangeHRM.TestScript.TestLogin -->
</testng-results>
