<?xml version="1.0" encoding="UTF-8"?>
<testng-results skipped="0" failed="0" ignored="0" total="1" passed="1">
  <reporter-output>
  </reporter-output>
  <suite name="Default suite" duration-ms="17460" started-at="2019-12-05T17:38:31 IST" finished-at="2019-12-05T17:38:48 IST">
    <groups>
    </groups>
    <test name="Default test" duration-ms="17460" started-at="2019-12-05T17:38:31 IST" finished-at="2019-12-05T17:38:48 IST">
      <class name="com.OrangeHRM.TestScript.TestLogin">
        <test-method status="PASS" signature="setup()[pri:0, instance:com.OrangeHRM.TestScript.TestLogin@551aa95a]" name="setup" is-config="true" duration-ms="13929" started-at="2019-12-05T17:38:31 IST" finished-at="2019-12-05T17:38:45 IST">
          <reporter-output>
          </reporter-output>
        </test-method> <!-- setup -->
        <test-method status="PASS" signature="login(java.lang.String, java.lang.String)[pri:0, instance:com.OrangeHRM.TestScript.TestLogin@551aa95a]" name="login" duration-ms="2225" started-at="2019-12-05T17:38:46 IST" data-provider="testData" finished-at="2019-12-05T17:38:48 IST">
          <params>
            <param index="0">
              <value>
                <![CDATA[Admin]]>
              </value>
            </param>
            <param index="1">
              <value>
                <![CDATA[admin123]]>
              </value>
            </param>
          </params>
          <reporter-output>
          </reporter-output>
        </test-method> <!-- login -->
        <test-method status="PASS" signature="tearOff()[pri:0, instance:com.OrangeHRM.TestScript.TestLogin@551aa95a]" name="tearOff" is-config="true" duration-ms="340" started-at="2019-12-05T17:38:48 IST" finished-at="2019-12-05T17:38:48 IST">
          <reporter-output>
          </reporter-output>
        </test-method> <!-- tearOff -->
      </class> <!-- com.OrangeHRM.TestScript.TestLogin -->
    </test> <!-- Default test -->
  </suite> <!-- Default suite -->
</testng-results>
